<?xml version="1.0" encoding="UTF-8"?>
<coverage generated="1722340555205" clover="3.2.0">
  <project timestamp="1722340555206" name="All files">
    <metrics statements="53" coveredstatements="33" conditionals="4" coveredconditionals="0" methods="7" coveredmethods="2" elements="64" coveredelements="35" complexity="0" loc="53" ncloc="53" packages="4" files="5" classes="5"/>
    <package name="VIVIDLY">
      <metrics statements="12" coveredstatements="4" conditionals="2" coveredconditionals="0" methods="1" coveredmethods="0"/>
      <file name="index.js" path="/Users/macbookpro/Desktop/VIVIDLY/index.js">
        <metrics statements="12" coveredstatements="4" conditionals="2" coveredconditionals="0" methods="1" coveredmethods="0"/>
        <line num="1" count="25" type="stmt"/>
        <line num="2" count="25" type="stmt"/>
        <line num="3" count="25" type="stmt"/>
        <line num="5" count="25" type="stmt"/>
        <line num="6" count="0" type="stmt"/>
        <line num="7" count="0" type="stmt"/>
        <line num="8" count="0" type="stmt"/>
        <line num="9" count="0" type="stmt"/>
        <line num="11" count="0" type="cond" truecount="0" falsecount="2"/>
        <line num="12" count="0" type="stmt"/>
        <line num="13" count="0" type="stmt"/>
        <line num="16" count="0" type="stmt"/>
      </file>
    </package>
    <package name="VIVIDLY.middleware">
      <metrics statements="10" coveredstatements="3" conditionals="2" coveredconditionals="0" methods="1" coveredmethods="0"/>
      <file name="auth.js" path="/Users/macbookpro/Desktop/VIVIDLY/middleware/auth.js">
        <metrics statements="10" coveredstatements="3" conditionals="2" coveredconditionals="0" methods="1" coveredmethods="0"/>
        <line num="1" count="1" type="stmt"/>
        <line num="2" count="1" type="stmt"/>
        <line num="4" count="1" type="stmt"/>
        <line num="5" count="0" type="stmt"/>
        <line num="6" count="0" type="cond" truecount="0" falsecount="2"/>
        <line num="8" count="0" type="stmt"/>
        <line num="9" count="0" type="stmt"/>
        <line num="10" count="0" type="stmt"/>
        <line num="11" count="0" type="stmt"/>
        <line num="13" count="0" type="stmt"/>
      </file>
    </package>
    <package name="VIVIDLY.models">
      <metrics statements="24" coveredstatements="20" conditionals="0" coveredconditionals="0" methods="3" coveredmethods="1"/>
      <file name="genre.js" path="/Users/macbookpro/Desktop/VIVIDLY/models/genre.js">
        <metrics statements="10" coveredstatements="8" conditionals="0" coveredconditionals="0" methods="1" coveredmethods="0"/>
        <line num="1" count="2" type="stmt"/>
        <line num="2" count="2" type="stmt"/>
        <line num="4" count="2" type="stmt"/>
        <line num="13" count="2" type="stmt"/>
        <line num="15" count="2" type="stmt"/>
        <line num="16" count="0" type="stmt"/>
        <line num="19" count="0" type="stmt"/>
        <line num="21" count="2" type="stmt"/>
        <line num="22" count="2" type="stmt"/>
        <line num="23" count="2" type="stmt"/>
      </file>
      <file name="user.js" path="/Users/macbookpro/Desktop/VIVIDLY/models/user.js">
        <metrics statements="14" coveredstatements="12" conditionals="0" coveredconditionals="0" methods="2" coveredmethods="1"/>
        <line num="1" count="4" type="stmt"/>
        <line num="2" count="4" type="stmt"/>
        <line num="3" count="4" type="stmt"/>
        <line num="4" count="4" type="stmt"/>
        <line num="6" count="4" type="stmt"/>
        <line num="31" count="4" type="stmt"/>
        <line num="32" count="1" type="stmt"/>
        <line num="36" count="1" type="stmt"/>
        <line num="39" count="4" type="stmt"/>
        <line num="41" count="4" type="stmt"/>
        <line num="42" count="0" type="stmt"/>
        <line num="47" count="0" type="stmt"/>
        <line num="49" count="4" type="stmt"/>
        <line num="50" count="4" type="stmt"/>
      </file>
    </package>
    <package name="VIVIDLY.startup">
      <metrics statements="7" coveredstatements="6" conditionals="0" coveredconditionals="0" methods="2" coveredmethods="1"/>
      <file name="logging.js" path="/Users/macbookpro/Desktop/VIVIDLY/startup/logging.js">
        <metrics statements="7" coveredstatements="6" conditionals="0" coveredconditionals="0" methods="2" coveredmethods="1"/>
        <line num="1" count="2" type="stmt"/>
        <line num="3" count="2" type="stmt"/>
        <line num="5" count="2" type="stmt"/>
        <line num="6" count="25" type="stmt"/>
        <line num="11" count="25" type="stmt"/>
        <line num="12" count="0" type="stmt"/>
        <line num="15" count="25" type="stmt"/>
      </file>
    </package>
  </project>
</coverage>
