TN:
SF:index.js
FN:12,(anonymous_0)
FNF:1
FNH:0
FNDA:0,(anonymous_0)
DA:1,25
DA:2,25
DA:3,25
DA:5,25
DA:6,0
DA:7,0
DA:8,0
DA:9,0
DA:11,0
DA:12,0
DA:13,0
DA:16,0
LF:12
LH:4
BRDA:11,0,0,0
BRDA:11,0,1,0
BRF:2
BRH:0
end_of_record
TN:
SF:middleware/auth.js
FN:4,auth
FNF:1
FNH:0
FNDA:0,auth
DA:1,1
DA:2,1
DA:4,1
DA:5,0
DA:6,0
DA:8,0
DA:9,0
DA:10,0
DA:11,0
DA:13,0
LF:10
LH:3
BRDA:6,0,0,0
BRDA:6,0,1,0
BRF:2
BRH:0
end_of_record
TN:
SF:models/genre.js
FN:15,(anonymous_0)
FNF:1
FNH:0
FNDA:0,(anonymous_0)
DA:1,2
DA:2,2
DA:4,2
DA:13,2
DA:15,2
DA:16,0
DA:19,0
DA:21,2
DA:22,2
DA:23,2
LF:10
LH:8
BRF:0
BRH:0
end_of_record
TN:
SF:models/user.js
FN:31,(anonymous_0)
FN:41,(anonymous_1)
FNF:2
FNH:1
FNDA:1,(anonymous_0)
FNDA:0,(anonymous_1)
DA:1,4
DA:2,4
DA:3,4
DA:4,4
DA:6,4
DA:31,4
DA:32,1
DA:36,1
DA:39,4
DA:41,4
DA:42,0
DA:47,0
DA:49,4
DA:50,4
LF:14
LH:12
BRF:0
BRH:0
end_of_record
TN:
SF:startup/logging.js
FN:5,(anonymous_0)
FN:11,(anonymous_1)
FNF:2
FNH:1
FNDA:25,(anonymous_0)
FNDA:0,(anonymous_1)
DA:1,2
DA:3,2
DA:5,2
DA:6,25
DA:11,25
DA:12,0
DA:15,25
LF:7
LH:6
BRF:0
BRH:0
end_of_record
